<?xml version="1.0" encoding="UTF-8"?>
<testsuite xmlns:xsi="http://www.w3.org/2001/XMLSchema-instance" xsi:noNamespaceSchemaLocation="https://maven.apache.org/surefire/maven-surefire-plugin/xsd/surefire-test-report.xsd" name="com.example.databasespring.DatabaseSpringApplicationTests" time="0.614" tests="1" errors="1" skipped="0" failures="0">
  <properties>
[...]
</properties>
  <testcase name="com.example.databasespring.DatabaseSpringApplicationTests" classname="com.example.databasespring.DatabaseSpringApplicationTests" time="0.612">
    <error message="Found multiple @SpringBootConfiguration annotated classes [Generic bean: class [com.example.databasespring.AccessingDataMysqlApplication]; scope=; abstract=false; lazyInit=null; autowireMode=0; dependencyCheck=0; autowireCandidate=true; primary=false; factoryBeanName=null; factoryMethodName=null; initMethodNames=null; destroyMethodNames=null; defined in file [C:\Users\LENOVO\database-spring\target\classes\com\example\databasespring\AccessingDataMysqlApplication.class], Generic bean: class [com.example.databasespring.DatabaseSpringApplication]; scope=; abstract=false; lazyInit=null; autowireMode=0; dependencyCheck=0; autowireCandidate=true; primary=false; factoryBeanName=null; factoryMethodName=null; initMethodNames=null; destroyMethodNames=null; defined in file [C:\Users\LENOVO\database-spring\target\classes\com\example\databasespring\DatabaseSpringApplication.class]]" type="java.lang.IllegalStateException">java.lang.IllegalStateException: Found multiple @SpringBootConfiguration annotated classes [Generic bean: class [com.example.databasespring.AccessingDataMysqlApplication]; scope=; abstract=false; lazyInit=null; autowireMode=0; dependencyCheck=0; autowireCandidate=true; primary=false; factoryBeanName=null; factoryMethodName=null; initMethodNames=null; destroyMethodNames=null; defined in file [C:\Users\LENOVO\database-spring\target\classes\com\example\databasespring\AccessingDataMysqlApplication.class], Generic bean: class [com.example.databasespring.DatabaseSpringApplication]; scope=; abstract=false; lazyInit=null; autowireMode=0; dependencyCheck=0; autowireCandidate=true; primary=false; factoryBeanName=null; factoryMethodName=null; initMethodNames=null; destroyMethodNames=null; defined in file [C:\Users\LENOVO\database-spring\target\classes\com\example\databasespring\DatabaseSpringApplication.class]]
</error>
    <system-out><![CDATA[22:35:46.152 [main] DEBUG org.springframework.boot.test.context.SpringBootTestContextBootstrapper - Neither @ContextConfiguration nor @ContextHierarchy found for test class [DatabaseSpringApplicationTests]: using SpringBootContextLoader
22:35:46.160 [main] DEBUG org.springframework.test.context.support.AbstractContextLoader - Could not detect default resource locations for test class [com.example.databasespring.DatabaseSpringApplicationTests]: no resource found for suffixes {-context.xml, Context.groovy}.
22:35:46.161 [main] INFO org.springframework.test.context.support.AnnotationConfigContextLoaderUtils - Could not detect default configuration classes for test class [com.example.databasespring.DatabaseSpringApplicationTests]: DatabaseSpringApplicationTests does not declare any static, non-private, non-final, nested classes annotated with @Configuration.
22:35:46.209 [main] DEBUG org.springframework.boot.test.context.SpringBootTestContextBootstrapper - Using ContextCustomizers for test class [DatabaseSpringApplicationTests]: [ExcludeFilterContextCustomizer, DuplicateJsonObjectContextCustomizer, MockitoContextCustomizer, TestRestTemplateContextCustomizer, DisableObservabilityContextCustomizer, PropertyMappingContextCustomizer, Customizer]
22:35:46.350 [main] DEBUG org.springframework.context.annotation.ClassPathScanningCandidateComponentProvider - Identified candidate component class: file [C:\Users\LENOVO\database-spring\target\classes\com\example\databasespring\AccessingDataMysqlApplication.class]
22:35:46.351 [main] DEBUG org.springframework.context.annotation.ClassPathScanningCandidateComponentProvider - Identified candidate component class: file [C:\Users\LENOVO\database-spring\target\classes\com\example\databasespring\DatabaseSpringApplication.class]
]]></system-out>
  </testcase>
</testsuite>